<?xml version="1.0" encoding="UTF-8"?>
<testng-results ignored="0" total="3" passed="2" failed="1" skipped="0">
  <reporter-output>
  </reporter-output>
  <suite started-at="2023-04-16T10:12:20 IST" name="Facebook_Suite" finished-at="2023-04-16T10:12:35 IST" duration-ms="14669">
    <groups>
    </groups>
    <test started-at="2023-04-16T10:12:20 IST" name="ChromeTest" finished-at="2023-04-16T10:12:35 IST" duration-ms="14669">
      <class name="TestNGPack.VerifyForgotPasswordPage">
        <test-method is-config="true" signature="openBrowser(java.lang.String)[pri:0, instance:TestNGPack.VerifyForgotPasswordPage@5ba3f27a]" started-at="2023-04-16T10:12:20 IST" name="openBrowser" finished-at="2023-04-16T10:12:23 IST" duration-ms="2136" status="PASS">
          <params>
            <param index="0">
              <value>
                <![CDATA[Chrome]]>
              </value>
            </param>
          </params>
          <reporter-output>
          </reporter-output>
        </test-method> <!-- openBrowser -->
        <test-method is-config="true" signature="beforeClass()[pri:0, instance:TestNGPack.VerifyForgotPasswordPage@5ba3f27a]" started-at="2023-04-16T10:12:23 IST" name="beforeClass" finished-at="2023-04-16T10:12:23 IST" duration-ms="41" status="PASS">
          <reporter-output>
          </reporter-output>
        </test-method> <!-- beforeClass -->
        <test-method is-config="true" signature="goToForgotPasswordPage()[pri:0, instance:TestNGPack.VerifyForgotPasswordPage@5ba3f27a]" started-at="2023-04-16T10:12:23 IST" name="goToForgotPasswordPage" finished-at="2023-04-16T10:12:27 IST" duration-ms="4575" status="PASS">
          <reporter-output>
          </reporter-output>
        </test-method> <!-- goToForgotPasswordPage -->
        <test-method signature="verifyMessageOnForgotPasswordPage()[pri:1, instance:TestNGPack.VerifyForgotPasswordPage@5ba3f27a]" started-at="2023-04-16T10:12:27 IST" name="verifyMessageOnForgotPasswordPage" finished-at="2023-04-16T10:12:27 IST" duration-ms="191" status="PASS">
          <reporter-output>
          </reporter-output>
        </test-method> <!-- verifyMessageOnForgotPasswordPage -->
        <test-method is-config="true" signature="logOutFromApplication(org.testng.ITestResult)[pri:0, instance:TestNGPack.VerifyForgotPasswordPage@5ba3f27a]" started-at="2023-04-16T10:12:27 IST" name="logOutFromApplication" finished-at="2023-04-16T10:12:27 IST" duration-ms="4" status="PASS">
          <params>
            <param index="0">
              <value>
                <![CDATA[[TestResult name=verifyMessageOnForgotPasswordPage status=SUCCESS method=VerifyForgotPasswordPage.verifyMessageOnForgotPasswordPage()[pri:1, instance:TestNGPack.VerifyForgotPasswordPage@5ba3f27a] output={null}]]]>
              </value>
            </param>
          </params>
          <reporter-output>
          </reporter-output>
        </test-method> <!-- logOutFromApplication -->
        <test-method is-config="true" signature="goToForgotPasswordPage()[pri:0, instance:TestNGPack.VerifyForgotPasswordPage@5ba3f27a]" started-at="2023-04-16T10:12:27 IST" name="goToForgotPasswordPage" finished-at="2023-04-16T10:12:29 IST" duration-ms="1802" status="PASS">
          <reporter-output>
          </reporter-output>
        </test-method> <!-- goToForgotPasswordPage -->
        <test-method signature="verifyCancelButtonOnForgotPasswordPage()[pri:2, instance:TestNGPack.VerifyForgotPasswordPage@5ba3f27a]" started-at="2023-04-16T10:12:29 IST" name="verifyCancelButtonOnForgotPasswordPage" finished-at="2023-04-16T10:12:30 IST" duration-ms="1029" status="PASS">
          <reporter-output>
          </reporter-output>
        </test-method> <!-- verifyCancelButtonOnForgotPasswordPage -->
        <test-method is-config="true" signature="goToForgotPasswordPage()[pri:0, instance:TestNGPack.VerifyForgotPasswordPage@5ba3f27a]" started-at="2023-04-16T10:12:30 IST" name="goToForgotPasswordPage" finished-at="2023-04-16T10:12:32 IST" duration-ms="1881" status="PASS">
          <reporter-output>
          </reporter-output>
        </test-method> <!-- goToForgotPasswordPage -->
        <test-method is-config="true" signature="logOutFromApplication(org.testng.ITestResult)[pri:0, instance:TestNGPack.VerifyForgotPasswordPage@5ba3f27a]" started-at="2023-04-16T10:12:30 IST" name="logOutFromApplication" finished-at="2023-04-16T10:12:30 IST" duration-ms="0" status="PASS">
          <params>
            <param index="0">
              <value>
                <![CDATA[[TestResult name=verifyCancelButtonOnForgotPasswordPage status=SUCCESS method=VerifyForgotPasswordPage.verifyCancelButtonOnForgotPasswordPage()[pri:2, instance:TestNGPack.VerifyForgotPasswordPage@5ba3f27a] output={null}]]]>
              </value>
            </param>
          </params>
          <reporter-output>
          </reporter-output>
        </test-method> <!-- logOutFromApplication -->
        <test-method signature="verifySearchButtonOnForgotPasswordPage()[pri:3, instance:TestNGPack.VerifyForgotPasswordPage@5ba3f27a]" started-at="2023-04-16T10:12:32 IST" name="verifySearchButtonOnForgotPasswordPage" finished-at="2023-04-16T10:12:33 IST" duration-ms="1325" status="FAIL">
          <exception class="java.lang.AssertionError">
            <message>
              <![CDATA[The following asserts failed:
expected [No search results123] but found [No search results]]]>
            </message>
            <full-stacktrace>
              <![CDATA[java.lang.AssertionError: The following asserts failed:
expected [No search results123] but found [No search results]
at org.testng.asserts.SoftAssert.assertAll(SoftAssert.java:47)
at org.testng.asserts.SoftAssert.assertAll(SoftAssert.java:31)
at TestNGPack.VerifyForgotPasswordPage.verifySearchButtonOnForgotPasswordPage(VerifyForgotPasswordPage.java:145)
at java.base/jdk.internal.reflect.NativeMethodAccessorImpl.invoke0(Native Method)
at java.base/jdk.internal.reflect.NativeMethodAccessorImpl.invoke(NativeMethodAccessorImpl.java:77)
at java.base/jdk.internal.reflect.DelegatingMethodAccessorImpl.invoke(DelegatingMethodAccessorImpl.java:43)
at java.base/java.lang.reflect.Method.invoke(Method.java:568)
at org.testng.internal.MethodInvocationHelper.invokeMethod(MethodInvocationHelper.java:133)
at org.testng.internal.TestInvoker.invokeMethod(TestInvoker.java:598)
at org.testng.internal.TestInvoker.invokeTestMethod(TestInvoker.java:173)
at org.testng.internal.MethodRunner.runInSequence(MethodRunner.java:46)
at org.testng.internal.TestInvoker$MethodInvocationAgent.invoke(TestInvoker.java:824)
at org.testng.internal.TestInvoker.invokeTestMethods(TestInvoker.java:146)
at org.testng.internal.TestMethodWorker.invokeTestMethods(TestMethodWorker.java:146)
at org.testng.internal.TestMethodWorker.run(TestMethodWorker.java:128)
at java.base/java.util.concurrent.ThreadPoolExecutor.runWorker(ThreadPoolExecutor.java:1136)
at java.base/java.util.concurrent.ThreadPoolExecutor$Worker.run(ThreadPoolExecutor.java:635)
at java.base/java.lang.Thread.run(Thread.java:833)
]]>
            </full-stacktrace>
          </exception> <!-- java.lang.AssertionError -->
          <reporter-output>
          </reporter-output>
        </test-method> <!-- verifySearchButtonOnForgotPasswordPage -->
        <test-method is-config="true" signature="logOutFromApplication(org.testng.ITestResult)[pri:0, instance:TestNGPack.VerifyForgotPasswordPage@5ba3f27a]" started-at="2023-04-16T10:12:33 IST" name="logOutFromApplication" finished-at="2023-04-16T10:12:35 IST" duration-ms="1232" status="PASS">
          <params>
            <param index="0">
              <value>
                <![CDATA[[TestResult name=verifySearchButtonOnForgotPasswordPage status=FAILURE method=VerifyForgotPasswordPage.verifySearchButtonOnForgotPasswordPage()[pri:3, instance:TestNGPack.VerifyForgotPasswordPage@5ba3f27a] output={null}]]]>
              </value>
            </param>
          </params>
          <reporter-output>
          </reporter-output>
        </test-method> <!-- logOutFromApplication -->
        <test-method is-config="true" signature="closeTheBrowser()[pri:0, instance:TestNGPack.VerifyForgotPasswordPage@5ba3f27a]" started-at="2023-04-16T10:12:35 IST" name="closeTheBrowser" finished-at="2023-04-16T10:12:35 IST" duration-ms="1" status="PASS">
          <reporter-output>
          </reporter-output>
        </test-method> <!-- closeTheBrowser -->
        <test-method is-config="true" signature="afterTest()[pri:0, instance:TestNGPack.VerifyForgotPasswordPage@5ba3f27a]" started-at="2023-04-16T10:12:35 IST" name="afterTest" finished-at="2023-04-16T10:12:35 IST" duration-ms="378" status="PASS">
          <reporter-output>
          </reporter-output>
        </test-method> <!-- afterTest -->
      </class> <!-- TestNGPack.VerifyForgotPasswordPage -->
    </test> <!-- ChromeTest -->
  </suite> <!-- Facebook_Suite -->
</testng-results>
