<?xml version="1.0" encoding="UTF-8"?>
<!-- Generated by org.testng.reporters.JUnitXMLReporter -->
<testsuite ignored="0" hostname="DESKTOP-FTIU28S" failures="0" tests="11" name="FirefoxTest" time="2.673" errors="0" timestamp="2023-04-14T18:22:01 IST">
  <testcase classname="TestNGPack.VerifyForgotPasswordPage" name="@BeforeTest openBrowser" time="2.25">
    <failure type="org.openqa.selenium.WebDriverException" message="disconnected: not connected to DevTools
  (failed to check if window was closed: disconnected: not connected to DevTools)
  (Session info: MicrosoftEdge=112.0.1722.39)
Build info: version: &amp;apos;3.141.59&amp;apos;, revision: &amp;apos;e82be7d358&amp;apos;, time: &amp;apos;2018-11-14T08:17:03&amp;apos;
System info: host: &amp;apos;DESKTOP-FTIU28S&amp;apos;, ip: &amp;apos;192.168.184.1&amp;apos;, os.name: &amp;apos;Windows 11&amp;apos;, os.arch: &amp;apos;amd64&amp;apos;, os.version: &amp;apos;10.0&amp;apos;, java.version: &amp;apos;17.0.5&amp;apos;
Driver info: driver.version: EdgeDriver
remote stacktrace: Backtrace:
	Microsoft::Applications::Events::EventProperties::SetProperty [0x00007FF778FAA5B2+12658]
	Microsoft::Applications::Events::EventProperty::EventProperty [0x00007FF778F42852+747634]
	(No symbol) [0x00007FF778BDDD2E]
	(No symbol) [0x00007FF778BC7C01]
	(No symbol) [0x00007FF778BC9001]
	(No symbol) [0x00007FF778BC8F30]
	(No symbol) [0x00007FF778BB6202]
	(No symbol) [0x00007FF778BB5D7A]
	(No symbol) [0x00007FF778C47316]
	(No symbol) [0x00007FF778C3F1C3]
	(No symbol) [0x00007FF778C117D6]
	(No symbol) [0x00007FF778C109B5]
	(No symbol) [0x00007FF778C11F44]
	Microsoft::Applications::Events::EventProperties::SetProperty [0x00007FF778E55520+147088]
	(No symbol) [0x00007FF778CF91B6]
	Microsoft::Applications::Events::EventProperty::EventProperty [0x00007FF778E94487+33959]
	Microsoft::Applications::Events::EventProperty::EventProperty [0x00007FF778E97F55+49013]
	Microsoft::Applications::Events::ILogManager::DispatchEventBroadcast [0x00007FF779189923+1305299]
	Microsoft::Applications::Events::EventProperty::EventProperty [0x00007FF778F4AE0C+781868]
	Microsoft::Applications::Events::EventProperty::EventProperty [0x00007FF778F50334+803668]
	Microsoft::Applications::Events::EventProperty::EventProperty [0x00007FF778F5048C+804012]
	Microsoft::Applications::Events::EventProperty::EventProperty [0x00007FF778F58591+837041]
	BaseThreadInitThunk [0x00007FFA06BD269D+29]
	RtlUserThreadStart [0x00007FFA07FEA9F8+40]
">
      <![CDATA[org.openqa.selenium.WebDriverException: disconnected: not connected to DevTools
  (failed to check if window was closed: disconnected: not connected to DevTools)
  (Session info: MicrosoftEdge=112.0.1722.39)
Build info: version: '3.141.59', revision: 'e82be7d358', time: '2018-11-14T08:17:03'
System info: host: 'DESKTOP-FTIU28S', ip: '192.168.184.1', os.name: 'Windows 11', os.arch: 'amd64', os.version: '10.0', java.version: '17.0.5'
Driver info: driver.version: EdgeDriver
remote stacktrace: Backtrace:
Microsoft::Applications::Events::EventProperties::SetProperty [0x00007FF778FAA5B2+12658]
Microsoft::Applications::Events::EventProperty::EventProperty [0x00007FF778F42852+747634]
(No symbol) [0x00007FF778BDDD2E]
(No symbol) [0x00007FF778BC7C01]
(No symbol) [0x00007FF778BC9001]
(No symbol) [0x00007FF778BC8F30]
(No symbol) [0x00007FF778BB6202]
(No symbol) [0x00007FF778BB5D7A]
(No symbol) [0x00007FF778C47316]
(No symbol) [0x00007FF778C3F1C3]
(No symbol) [0x00007FF778C117D6]
(No symbol) [0x00007FF778C109B5]
(No symbol) [0x00007FF778C11F44]
Microsoft::Applications::Events::EventProperties::SetProperty [0x00007FF778E55520+147088]
(No symbol) [0x00007FF778CF91B6]
Microsoft::Applications::Events::EventProperty::EventProperty [0x00007FF778E94487+33959]
Microsoft::Applications::Events::EventProperty::EventProperty [0x00007FF778E97F55+49013]
Microsoft::Applications::Events::ILogManager::DispatchEventBroadcast [0x00007FF779189923+1305299]
Microsoft::Applications::Events::EventProperty::EventProperty [0x00007FF778F4AE0C+781868]
Microsoft::Applications::Events::EventProperty::EventProperty [0x00007FF778F50334+803668]
Microsoft::Applications::Events::EventProperty::EventProperty [0x00007FF778F5048C+804012]
Microsoft::Applications::Events::EventProperty::EventProperty [0x00007FF778F58591+837041]
BaseThreadInitThunk [0x00007FFA06BD269D+29]
RtlUserThreadStart [0x00007FFA07FEA9F8+40]

at org.openqa.selenium.remote.W3CHandshakeResponse.lambda$errorHandler$0(W3CHandshakeResponse.java:62)
at org.openqa.selenium.remote.HandshakeResponse.lambda$getResponseFunction$0(HandshakeResponse.java:30)
at org.openqa.selenium.remote.ProtocolHandshake.lambda$createSession$0(ProtocolHandshake.java:126)
at java.base/java.util.stream.ReferencePipeline$3$1.accept(ReferencePipeline.java:197)
at java.base/java.util.Spliterators$ArraySpliterator.tryAdvance(Spliterators.java:1002)
at java.base/java.util.stream.ReferencePipeline.forEachWithCancel(ReferencePipeline.java:129)
at java.base/java.util.stream.AbstractPipeline.copyIntoWithCancel(AbstractPipeline.java:527)
at java.base/java.util.stream.AbstractPipeline.copyInto(AbstractPipeline.java:513)
at java.base/java.util.stream.AbstractPipeline.wrapAndCopyInto(AbstractPipeline.java:499)
at java.base/java.util.stream.FindOps$FindOp.evaluateSequential(FindOps.java:150)
at java.base/java.util.stream.AbstractPipeline.evaluate(AbstractPipeline.java:234)
at java.base/java.util.stream.ReferencePipeline.findFirst(ReferencePipeline.java:647)
at org.openqa.selenium.remote.ProtocolHandshake.createSession(ProtocolHandshake.java:128)
at org.openqa.selenium.remote.ProtocolHandshake.createSession(ProtocolHandshake.java:74)
at org.openqa.selenium.remote.HttpCommandExecutor.execute(HttpCommandExecutor.java:136)
at org.openqa.selenium.remote.service.DriverCommandExecutor.execute(DriverCommandExecutor.java:83)
at org.openqa.selenium.remote.RemoteWebDriver.execute(RemoteWebDriver.java:552)
at org.openqa.selenium.remote.RemoteWebDriver.startSession(RemoteWebDriver.java:213)
at org.openqa.selenium.remote.RemoteWebDriver.<init>(RemoteWebDriver.java:131)
at org.openqa.selenium.edge.EdgeDriver.<init>(EdgeDriver.java:141)
at org.openqa.selenium.edge.EdgeDriver.<init>(EdgeDriver.java:96)
at Browser_Setup.Base.openEdgeBrowser(Base.java:26)
at TestNGPack.VerifyForgotPasswordPage.openBrowser(VerifyForgotPasswordPage.java:50)
at java.base/java.util.concurrent.FutureTask.run(FutureTask.java:264)
at java.base/java.util.concurrent.ThreadPoolExecutor.runWorker(ThreadPoolExecutor.java:1136)
at java.base/java.util.concurrent.ThreadPoolExecutor$Worker.run(ThreadPoolExecutor.java:635)
at java.base/java.lang.Thread.run(Thread.java:833)
... Removed 20 stack frames]]>
    </failure>
  </testcase> <!-- @BeforeTest openBrowser -->
  <testcase classname="TestNGPack.VerifyForgotPasswordPage" name="@BeforeTest openBrowser" time="2.25">
    <failure type="org.openqa.selenium.WebDriverException" message="Process unexpectedly closed with status 0
Build info: version: &amp;apos;3.141.59&amp;apos;, revision: &amp;apos;e82be7d358&amp;apos;, time: &amp;apos;2018-11-14T08:17:03&amp;apos;
System info: host: &amp;apos;DESKTOP-FTIU28S&amp;apos;, ip: &amp;apos;192.168.184.1&amp;apos;, os.name: &amp;apos;Windows 11&amp;apos;, os.arch: &amp;apos;amd64&amp;apos;, os.version: &amp;apos;10.0&amp;apos;, java.version: &amp;apos;17.0.5&amp;apos;
Driver info: driver.version: FirefoxDriver
remote stacktrace: ">
      <![CDATA[org.openqa.selenium.WebDriverException: Process unexpectedly closed with status 0
Build info: version: '3.141.59', revision: 'e82be7d358', time: '2018-11-14T08:17:03'
System info: host: 'DESKTOP-FTIU28S', ip: '192.168.184.1', os.name: 'Windows 11', os.arch: 'amd64', os.version: '10.0', java.version: '17.0.5'
Driver info: driver.version: FirefoxDriver
remote stacktrace: 
at org.openqa.selenium.remote.W3CHandshakeResponse.lambda$errorHandler$0(W3CHandshakeResponse.java:62)
at org.openqa.selenium.remote.HandshakeResponse.lambda$getResponseFunction$0(HandshakeResponse.java:30)
at org.openqa.selenium.remote.ProtocolHandshake.lambda$createSession$0(ProtocolHandshake.java:126)
at java.base/java.util.stream.ReferencePipeline$3$1.accept(ReferencePipeline.java:197)
at java.base/java.util.Spliterators$ArraySpliterator.tryAdvance(Spliterators.java:1002)
at java.base/java.util.stream.ReferencePipeline.forEachWithCancel(ReferencePipeline.java:129)
at java.base/java.util.stream.AbstractPipeline.copyIntoWithCancel(AbstractPipeline.java:527)
at java.base/java.util.stream.AbstractPipeline.copyInto(AbstractPipeline.java:513)
at java.base/java.util.stream.AbstractPipeline.wrapAndCopyInto(AbstractPipeline.java:499)
at java.base/java.util.stream.FindOps$FindOp.evaluateSequential(FindOps.java:150)
at java.base/java.util.stream.AbstractPipeline.evaluate(AbstractPipeline.java:234)
at java.base/java.util.stream.ReferencePipeline.findFirst(ReferencePipeline.java:647)
at org.openqa.selenium.remote.ProtocolHandshake.createSession(ProtocolHandshake.java:128)
at org.openqa.selenium.remote.ProtocolHandshake.createSession(ProtocolHandshake.java:74)
at org.openqa.selenium.remote.HttpCommandExecutor.execute(HttpCommandExecutor.java:136)
at org.openqa.selenium.remote.service.DriverCommandExecutor.execute(DriverCommandExecutor.java:83)
at org.openqa.selenium.remote.RemoteWebDriver.execute(RemoteWebDriver.java:552)
at org.openqa.selenium.remote.RemoteWebDriver.startSession(RemoteWebDriver.java:213)
at org.openqa.selenium.remote.RemoteWebDriver.<init>(RemoteWebDriver.java:131)
at org.openqa.selenium.firefox.FirefoxDriver.<init>(FirefoxDriver.java:147)
at org.openqa.selenium.firefox.FirefoxDriver.<init>(FirefoxDriver.java:125)
at Browser_Setup.Base.openFirefoxBrowser(Base.java:19)
at TestNGPack.VerifyForgotPasswordPage.openBrowser(VerifyForgotPasswordPage.java:45)
at java.base/java.util.concurrent.FutureTask.run(FutureTask.java:264)
at java.base/java.util.concurrent.ThreadPoolExecutor.runWorker(ThreadPoolExecutor.java:1136)
at java.base/java.util.concurrent.ThreadPoolExecutor$Worker.run(ThreadPoolExecutor.java:635)
at java.base/java.lang.Thread.run(Thread.java:833)
... Removed 20 stack frames]]>
    </failure>
  </testcase> <!-- @BeforeTest openBrowser -->
  <testcase classname="TestNGPack.VerifyLoginPage" name="@BeforeTest openBrowser" time="-1.681476721341E9">
    <skipped/>
  </testcase> <!-- @BeforeTest openBrowser -->
  <testcase classname="TestNGPack.VerifySignupPopUp" name="@BeforeTest openBrowser" time="-1.681476721347E9">
    <skipped/>
  </testcase> <!-- @BeforeTest openBrowser -->
  <testcase classname="TestNGPack.VerifyLoginPage" name="@BeforeTest openBrowser" time="-1.681476721344E9">
    <skipped/>
  </testcase> <!-- @BeforeTest openBrowser -->
  <testcase classname="TestNGPack.VerifySignupPopUp" name="@BeforeTest openBrowser" time="-1.681476721354E9">
    <skipped/>
  </testcase> <!-- @BeforeTest openBrowser -->
  <testcase classname="TestNGPack.VerifyLoginPage" name="@BeforeClass beforeClass" time="-1.681476721398E9">
    <skipped/>
  </testcase> <!-- @BeforeClass beforeClass -->
  <testcase classname="TestNGPack.VerifyLoginPage" name="@BeforeClass beforeClass" time="-1.681476721398E9">
    <skipped/>
  </testcase> <!-- @BeforeClass beforeClass -->
  <testcase classname="TestNGPack.VerifyForgotPasswordPage" name="@BeforeClass beforeClass" time="-1.681476721398E9">
    <skipped/>
  </testcase> <!-- @BeforeClass beforeClass -->
  <testcase classname="TestNGPack.VerifyLoginPage" name="@BeforeMethod goToLoginPage" time="-1.681476721426E9">
    <skipped/>
  </testcase> <!-- @BeforeMethod goToLoginPage -->
  <testcase classname="TestNGPack.VerifySignupPopUp" name="@BeforeClass beforeClass" time="-1.681476721428E9">
    <skipped/>
  </testcase> <!-- @BeforeClass beforeClass -->
  <testcase classname="TestNGPack.VerifySignupPopUp" name="@BeforeMethod goToSignUpPop" time="-1.681476721439E9">
    <skipped/>
  </testcase> <!-- @BeforeMethod goToSignUpPop -->
  <testcase classname="TestNGPack.VerifySignupPopUp" name="@AfterMethod logOutFromApplication" time="-1.681476721448E9">
    <skipped/>
  </testcase> <!-- @AfterMethod logOutFromApplication -->
  <testcase classname="TestNGPack.VerifySignupPopUp" name="@BeforeMethod goToSignUpPop" time="-1.681476721452E9">
    <skipped/>
  </testcase> <!-- @BeforeMethod goToSignUpPop -->
  <testcase classname="TestNGPack.VerifySignupPopUp" name="@AfterMethod logOutFromApplication" time="-1.681476721459E9">
    <skipped/>
  </testcase> <!-- @AfterMethod logOutFromApplication -->
  <testcase classname="TestNGPack.VerifySignupPopUp" name="@BeforeClass beforeClass" time="-1.681476721427E9">
    <skipped/>
  </testcase> <!-- @BeforeClass beforeClass -->
  <testcase classname="TestNGPack.VerifySignupPopUp" name="@BeforeMethod goToSignUpPop" time="-1.68147672149E9">
    <skipped/>
  </testcase> <!-- @BeforeMethod goToSignUpPop -->
  <testcase classname="TestNGPack.VerifySignupPopUp" name="@AfterClass closedTheBrowser" time="-1.681476721488E9">
    <skipped/>
  </testcase> <!-- @AfterClass closedTheBrowser -->
  <testcase classname="TestNGPack.VerifyLoginPage" name="@AfterMethod logOutFromApplication" time="-1.681476721504E9">
    <skipped/>
  </testcase> <!-- @AfterMethod logOutFromApplication -->
  <testcase classname="TestNGPack.VerifyLoginPage" name="@BeforeMethod goToLoginPage" time="-1.681476721506E9">
    <skipped/>
  </testcase> <!-- @BeforeMethod goToLoginPage -->
  <testcase classname="TestNGPack.VerifyForgotPasswordPage" name="@BeforeClass beforeClass" time="-1.681476721431E9">
    <skipped/>
  </testcase> <!-- @BeforeClass beforeClass -->
  <testcase classname="TestNGPack.VerifyLoginPage" name="@BeforeMethod goToLoginPage" time="-1.681476721434E9">
    <skipped/>
  </testcase> <!-- @BeforeMethod goToLoginPage -->
  <testcase classname="TestNGPack.VerifyForgotPasswordPage" name="@BeforeMethod goToForgotPasswordPage" time="-1.68147672143E9">
    <skipped/>
  </testcase> <!-- @BeforeMethod goToForgotPasswordPage -->
  <testcase classname="TestNGPack.VerifyForgotPasswordPage" name="@AfterMethod logOutFromApplication" time="-1.681476721541E9">
    <skipped/>
  </testcase> <!-- @AfterMethod logOutFromApplication -->
  <testcase classname="TestNGPack.VerifyForgotPasswordPage" name="@BeforeMethod goToForgotPasswordPage" time="-1.681476721547E9">
    <skipped/>
  </testcase> <!-- @BeforeMethod goToForgotPasswordPage -->
  <testcase classname="TestNGPack.VerifyForgotPasswordPage" name="@BeforeMethod goToForgotPasswordPage" time="-1.681476721512E9">
    <skipped/>
  </testcase> <!-- @BeforeMethod goToForgotPasswordPage -->
  <testcase classname="TestNGPack.VerifySignupPopUp" name="@AfterMethod logOutFromApplication" time="-1.681476721574E9">
    <skipped/>
  </testcase> <!-- @AfterMethod logOutFromApplication -->
  <testcase classname="TestNGPack.VerifySignupPopUp" name="@BeforeMethod goToSignUpPop" time="-1.681476721578E9">
    <skipped/>
  </testcase> <!-- @BeforeMethod goToSignUpPop -->
  <testcase classname="TestNGPack.VerifyLoginPage" name="@AfterMethod logOutFromApplication" time="-1.681476721583E9">
    <skipped/>
  </testcase> <!-- @AfterMethod logOutFromApplication -->
  <testcase classname="TestNGPack.VerifyLoginPage" name="@BeforeMethod goToLoginPage" time="-1.681476721586E9">
    <skipped/>
  </testcase> <!-- @BeforeMethod goToLoginPage -->
  <testcase classname="TestNGPack.VerifyLoginPage" name="@AfterMethod logOutFromApplication" time="-1.681476721597E9">
    <skipped/>
  </testcase> <!-- @AfterMethod logOutFromApplication -->
  <testcase classname="TestNGPack.VerifyForgotPasswordPage" name="@AfterMethod logOutFromApplication" time="-1.681476721593E9">
    <skipped/>
  </testcase> <!-- @AfterMethod logOutFromApplication -->
  <testcase classname="TestNGPack.VerifyLoginPage" name="@AfterMethod logOutFromApplication" time="-1.681476721607E9">
    <skipped/>
  </testcase> <!-- @AfterMethod logOutFromApplication -->
  <testcase classname="TestNGPack.VerifyForgotPasswordPage" name="@AfterMethod logOutFromApplication" time="-1.681476721591E9">
    <skipped/>
  </testcase> <!-- @AfterMethod logOutFromApplication -->
  <testcase classname="TestNGPack.VerifyForgotPasswordPage" name="@BeforeMethod goToForgotPasswordPage" time="-1.681476721603E9">
    <skipped/>
  </testcase> <!-- @BeforeMethod goToForgotPasswordPage -->
  <testcase classname="TestNGPack.VerifyLoginPage" name="@BeforeMethod goToLoginPage" time="-1.681476721599E9">
    <skipped/>
  </testcase> <!-- @BeforeMethod goToLoginPage -->
  <testcase classname="TestNGPack.VerifyLoginPage" name="@BeforeMethod goToLoginPage" time="-1.681476721612E9">
    <skipped/>
  </testcase> <!-- @BeforeMethod goToLoginPage -->
  <testcase classname="TestNGPack.VerifyForgotPasswordPage" name="@BeforeMethod goToForgotPasswordPage" time="-1.681476721615E9">
    <skipped/>
  </testcase> <!-- @BeforeMethod goToForgotPasswordPage -->
  <testcase classname="TestNGPack.VerifyForgotPasswordPage" name="@AfterMethod logOutFromApplication" time="-1.681476721631E9">
    <skipped/>
  </testcase> <!-- @AfterMethod logOutFromApplication -->
  <testcase classname="TestNGPack.VerifyForgotPasswordPage" name="@BeforeMethod goToForgotPasswordPage" time="-1.681476721641E9">
    <skipped/>
  </testcase> <!-- @BeforeMethod goToForgotPasswordPage -->
  <testcase classname="TestNGPack.VerifyForgotPasswordPage" name="@AfterMethod logOutFromApplication" time="-1.681476721648E9">
    <skipped/>
  </testcase> <!-- @AfterMethod logOutFromApplication -->
  <testcase classname="TestNGPack.VerifyLoginPage" name="@AfterMethod logOutFromApplication" time="-1.681476721637E9">
    <skipped/>
  </testcase> <!-- @AfterMethod logOutFromApplication -->
  <testcase classname="TestNGPack.VerifyForgotPasswordPage" name="@AfterClass closeTheBrowser" time="-1.68147672165E9">
    <skipped/>
  </testcase> <!-- @AfterClass closeTheBrowser -->
  <testcase classname="TestNGPack.VerifyForgotPasswordPage" name="@AfterMethod logOutFromApplication" time="-1.68147672166E9">
    <skipped/>
  </testcase> <!-- @AfterMethod logOutFromApplication -->
  <testcase classname="TestNGPack.VerifyForgotPasswordPage" name="@AfterClass closeTheBrowser" time="-1.681476721662E9">
    <skipped/>
  </testcase> <!-- @AfterClass closeTheBrowser -->
  <testcase classname="TestNGPack.VerifyLoginPage" name="@AfterMethod logOutFromApplication" time="-1.681476721666E9">
    <skipped/>
  </testcase> <!-- @AfterMethod logOutFromApplication -->
  <testcase classname="TestNGPack.VerifyLoginPage" name="@BeforeMethod goToLoginPage" time="-1.681476721668E9">
    <skipped/>
  </testcase> <!-- @BeforeMethod goToLoginPage -->
  <testcase classname="TestNGPack.VerifySignupPopUp" name="@AfterMethod logOutFromApplication" time="-1.681476721636E9">
    <skipped/>
  </testcase> <!-- @AfterMethod logOutFromApplication -->
  <testcase classname="TestNGPack.VerifyLoginPage" name="@AfterMethod logOutFromApplication" time="-1.681476721679E9">
    <skipped/>
  </testcase> <!-- @AfterMethod logOutFromApplication -->
  <testcase classname="TestNGPack.VerifyLoginPage" name="@AfterClass closedTheBrowser" time="-1.681476721676E9">
    <skipped/>
  </testcase> <!-- @AfterClass closedTheBrowser -->
  <testcase classname="TestNGPack.VerifySignupPopUp" name="@AfterClass closedTheBrowser" time="-1.681476721687E9">
    <skipped/>
  </testcase> <!-- @AfterClass closedTheBrowser -->
  <testcase classname="TestNGPack.VerifyLoginPage" name="@BeforeMethod goToLoginPage" time="-1.681476721682E9">
    <skipped/>
  </testcase> <!-- @BeforeMethod goToLoginPage -->
  <testcase classname="TestNGPack.VerifyLoginPage" name="@AfterMethod logOutFromApplication" time="-1.6814767217E9">
    <skipped/>
  </testcase> <!-- @AfterMethod logOutFromApplication -->
  <testcase classname="TestNGPack.VerifyForgotPasswordPage" name="@AfterTest afterTest" time="-1.681476721699E9">
    <skipped/>
  </testcase> <!-- @AfterTest afterTest -->
  <testcase classname="TestNGPack.VerifyLoginPage" name="@AfterTest afterTest" time="-1.681476721706E9">
    <skipped/>
  </testcase> <!-- @AfterTest afterTest -->
  <testcase classname="TestNGPack.VerifyLoginPage" name="@AfterClass closedTheBrowser" time="-1.681476721707E9">
    <skipped/>
  </testcase> <!-- @AfterClass closedTheBrowser -->
  <testcase classname="TestNGPack.VerifySignupPopUp" name="@AfterTest afterTest" time="-1.681476721708E9">
    <skipped/>
  </testcase> <!-- @AfterTest afterTest -->
  <testcase classname="TestNGPack.VerifyForgotPasswordPage" name="@AfterTest afterTest" time="-1.681476721717E9">
    <skipped/>
  </testcase> <!-- @AfterTest afterTest -->
  <testcase classname="TestNGPack.VerifyLoginPage" name="@AfterTest afterTest" time="-1.681476721719E9">
    <skipped/>
  </testcase> <!-- @AfterTest afterTest -->
  <testcase classname="TestNGPack.VerifySignupPopUp" name="@AfterTest afterTest" time="-1.681476721721E9">
    <skipped/>
  </testcase> <!-- @AfterTest afterTest -->
  <testcase classname="TestNGPack.VerifySignupPopUp" name="verifyDayDropDown" time="0.0">
    <skipped/>
  </testcase> <!-- verifyDayDropDown -->
  <testcase classname="TestNGPack.VerifySignupPopUp" name="verifyMonthDropDown" time="0.0">
    <skipped/>
  </testcase> <!-- verifyMonthDropDown -->
  <testcase classname="TestNGPack.VerifySignupPopUp" name="verifyYearDropDown" time="0.0">
    <skipped/>
  </testcase> <!-- verifyYearDropDown -->
  <testcase classname="TestNGPack.VerifyForgotPasswordPage" name="verifyMessageOnForgotPasswordPage" time="0.0">
    <skipped/>
  </testcase> <!-- verifyMessageOnForgotPasswordPage -->
  <testcase classname="TestNGPack.VerifyForgotPasswordPage" name="verifyCancelButtonOnForgotPasswordPage" time="0.0">
    <skipped/>
  </testcase> <!-- verifyCancelButtonOnForgotPasswordPage -->
  <testcase classname="TestNGPack.VerifyLoginPage" name="verifyTextPresentOnUserName" time="0.0">
    <skipped/>
  </testcase> <!-- verifyTextPresentOnUserName -->
  <testcase classname="TestNGPack.VerifyLoginPage" name="verifyErrorMessageOfIncorrectPassword" time="0.0">
    <skipped/>
  </testcase> <!-- verifyErrorMessageOfIncorrectPassword -->
  <testcase classname="TestNGPack.VerifyForgotPasswordPage" name="verifySearchButtonOnForgotPasswordPage" time="0.0">
    <skipped/>
  </testcase> <!-- verifySearchButtonOnForgotPasswordPage -->
  <testcase classname="TestNGPack.VerifyLoginPage" name="verifyErrorMessageOfIncorrectUserName" time="0.0">
    <skipped/>
  </testcase> <!-- verifyErrorMessageOfIncorrectUserName -->
  <testcase classname="TestNGPack.VerifyLoginPage" name="verifyForgotPasswordLinkOnLoginPage" time="0.0">
    <skipped/>
  </testcase> <!-- verifyForgotPasswordLinkOnLoginPage -->
  <testcase classname="TestNGPack.VerifyLoginPage" name="verifyCreateNewAccountButtonOnLoginPage" time="0.0">
    <skipped/>
  </testcase> <!-- verifyCreateNewAccountButtonOnLoginPage -->
</testsuite> <!-- FirefoxTest -->
